<html>
<head>
<title>TestNG:  Default test</title>
<link href="../testng.css" rel="stylesheet" type="text/css" />
<link href="../my-testng.css" rel="stylesheet" type="text/css" />

<style type="text/css">
.log { display: none;} 
.stack-trace { display: none;} 
</style>
<script type="text/javascript">
<!--
function flip(e) {
  current = e.style.display;
  if (current == 'block') {
    e.style.display = 'none';
    return 0;
  }
  else {
    e.style.display = 'block';
    return 1;
  }
}

function toggleBox(szDivId, elem, msg1, msg2)
{
  var res = -1;  if (document.getElementById) {
    res = flip(document.getElementById(szDivId));
  }
  else if (document.all) {
    // this is the way old msie versions work
    res = flip(document.all[szDivId]);
  }
  if(elem) {
    if(res == 0) elem.innerHTML = msg1; else elem.innerHTML = msg2;
  }

}

function toggleAllBoxes() {
  if (document.getElementsByTagName) {
    d = document.getElementsByTagName('div');
    for (i = 0; i < d.length; i++) {
      if (d[i].className == 'log') {
        flip(d[i]);
      }
    }
  }
}

// -->
</script>

</head>
<body>
<h2 align='center'>Default test</h2><table border='1' align="center">
<tr>
<td>Tests passed/Failed/Skipped:</td><td>12/1/0</td>
</tr><tr>
<td>Started on:</td><td>Fri Sep 09 13:23:30 IST 2022</td>
</tr>
<tr><td>Total time:</td><td>153 seconds (153457 ms)</td>
</tr><tr>
<td>Included groups:</td><td></td>
</tr><tr>
<td>Excluded groups:</td><td></td>
</tr>
</table><p/>
<small><i>(Hover the method name to see the test class name)</i></small><p/>
<table width='100%' border='1' class='invocation-failed'>
<tr><td colspan='4' align='center'><b>FAILED TESTS</b></td></tr>
<tr><td><b>Test method</b></td>
<td width="30%"><b>Exception</b></td>
<td width="10%"><b>Time (seconds)</b></td>
<td><b>Instance</b></td>
</tr>
<tr>
<td title='com.zaigo.reactui.CustomerCreateContactTestCases.listValidation()'><b>listValidation</b><br>Test class: com.zaigo.reactui.CustomerCreateContactTestCases</td>
<td><div><pre>org.openqa.selenium.TimeoutException: Expected condition failed: waiting for visibility of element located by By.xpath: //*[@class=&apos;border-bottom&apos;]//a[text()=&apos;Manoj Kumar&apos;] (tried for 10 second(s) with 500 milliseconds interval)
Build info: version: &apos;3.141.59&apos;, revision: &apos;e82be7d358&apos;, time: &apos;2018-11-14T08:17:03&apos;
System info: host: &apos;DESKTOP-5M7AM2E&apos;, ip: &apos;192.168.10.130&apos;, os.name: &apos;Windows 11&apos;, os.arch: &apos;amd64&apos;, os.version: &apos;10.0&apos;, java.version: &apos;17.0.3&apos;
Driver info: org.openqa.selenium.chrome.ChromeDriver
Capabilities {acceptInsecureCerts: false, browserName: chrome, browserVersion: 104.0.5112.102, chrome: {chromedriverVersion: 104.0.5112.79 (3cf3e8c8a07d..., userDataDir: C:\Users\ZAIGOP~1\AppData\L...}, goog:chromeOptions: {debuggerAddress: localhost:51385}, javascriptEnabled: true, networkConnectionEnabled: false, pageLoadStrategy: normal, platform: WINDOWS, platformName: WINDOWS, proxy: Proxy(), setWindowRect: true, strictFileInteractability: false, timeouts: {implicit: 0, pageLoad: 300000, script: 30000}, unhandledPromptBehavior: dismiss and notify, webauthn:extension:credBlob: true, webauthn:extension:largeBlob: true, webauthn:virtualAuthenticators: true}
Session ID: 33bd727851a1d7b89bf344c2af0e9e6c
	at org.openqa.selenium.support.ui.WebDriverWait.timeoutException(WebDriverWait.java:95)
	at org.openqa.selenium.support.ui.FluentWait.until(FluentWait.java:272)
	at com.zaigo.pageobjects.CustomerCreateContactPage.assertName(CustomerCreateContactPage.java:387)
	at com.zaigo.pageobjects.CustomerCreateContactPage.searchListName(CustomerCreateContactPage.java:898)
	at com.zaigo.reactui.CustomerCreateContactTestCases.listValidation(CustomerCreateContactTestCases.java:117)
	at java.base/jdk.internal.reflect.NativeMethodAccessorImpl.invoke0(Native Method)
	at java.base/jdk.internal.reflect.NativeMethodAccessorImpl.invoke(NativeMethodAccessorImpl.java:77)
	at java.base/jdk.internal.reflect.DelegatingMethodAccessorImpl.invoke(DelegatingMethodAccessorImpl.java:43)
	at java.base/java.lang.reflect.Method.invoke(Method.java:568)
	at org.testng.internal.MethodInvocationHelper.invokeMethod(MethodInvocationHelper.java:133)
	at org.testng.internal.TestInvoker.invokeMethod(TestInvoker.java:598)
	at org.testng.internal.TestInvoker.invokeTestMethod(TestInvoker.java:173)
	at org.testng.internal.MethodRunner.runInSequence(MethodRunner.java:46)
	at org.testng.internal.TestInvoker$MethodInvocationAgent.invoke(TestInvoker.java:824)
	at org.testng.internal.TestInvoker.invokeTestMethods(TestInvoker.java:146)
	at org.testng.internal.TestMethodWorker.invokeTestMethods(TestMethodWorker.java:146)
	at org.testng.internal.TestMethodWorker.run(TestMethodWorker.java:128)
	at java.base/java.util.ArrayList.forEach(ArrayList.java:1511)
	at org.testng.TestRunner.privateRun(TestRunner.java:794)
	at org.testng.TestRunner.run(TestRunner.java:596)
	at org.testng.SuiteRunner.runTest(SuiteRunner.java:377)
	at org.testng.SuiteRunner.runSequentially(SuiteRunner.java:371)
	at org.testng.SuiteRunner.privateRun(SuiteRunner.java:332)
	at org.testng.SuiteRunner.run(SuiteRunner.java:276)
	at org.testng.SuiteRunnerWorker.runSuite(SuiteRunnerWorker.java:53)
	at org.testng.SuiteRunnerWorker.run(SuiteRunnerWorker.java:96)
	at org.testng.TestNG.runSuitesSequentially(TestNG.java:1212)
	at org.testng.TestNG.runSuitesLocally(TestNG.java:1134)
	at org.testng.TestNG.runSuites(TestNG.java:1063)
	at org.testng.TestNG.run(TestNG.java:1031)
	at org.testng.remote.AbstractRemoteTestNG.run(AbstractRemoteTestNG.java:115)
	at org.testng.remote.RemoteTestNG.initAndRun(RemoteTestNG.java:251)
	at org.testng.remote.RemoteTestNG.main(RemoteTestNG.java:77)
</pre></div><a href='#' onClick='toggleBox("stack-trace1855590605", this, "Click to show all stack frames", "Click to hide stack frames")'>Click to show all stack frames</a>
<div class='stack-trace' id='stack-trace1855590605'><pre>org.openqa.selenium.TimeoutException: Expected condition failed: waiting for visibility of element located by By.xpath: //*[@class=&apos;border-bottom&apos;]//a[text()=&apos;Manoj Kumar&apos;] (tried for 10 second(s) with 500 milliseconds interval)
Build info: version: &apos;3.141.59&apos;, revision: &apos;e82be7d358&apos;, time: &apos;2018-11-14T08:17:03&apos;
System info: host: &apos;DESKTOP-5M7AM2E&apos;, ip: &apos;192.168.10.130&apos;, os.name: &apos;Windows 11&apos;, os.arch: &apos;amd64&apos;, os.version: &apos;10.0&apos;, java.version: &apos;17.0.3&apos;
Driver info: org.openqa.selenium.chrome.ChromeDriver
Capabilities {acceptInsecureCerts: false, browserName: chrome, browserVersion: 104.0.5112.102, chrome: {chromedriverVersion: 104.0.5112.79 (3cf3e8c8a07d..., userDataDir: C:\Users\ZAIGOP~1\AppData\L...}, goog:chromeOptions: {debuggerAddress: localhost:51385}, javascriptEnabled: true, networkConnectionEnabled: false, pageLoadStrategy: normal, platform: WINDOWS, platformName: WINDOWS, proxy: Proxy(), setWindowRect: true, strictFileInteractability: false, timeouts: {implicit: 0, pageLoad: 300000, script: 30000}, unhandledPromptBehavior: dismiss and notify, webauthn:extension:credBlob: true, webauthn:extension:largeBlob: true, webauthn:virtualAuthenticators: true}
Session ID: 33bd727851a1d7b89bf344c2af0e9e6c
	at org.openqa.selenium.support.ui.WebDriverWait.timeoutException(WebDriverWait.java:95)
	at org.openqa.selenium.support.ui.FluentWait.until(FluentWait.java:272)
	at com.zaigo.pageobjects.CustomerCreateContactPage.assertName(CustomerCreateContactPage.java:387)
	at com.zaigo.pageobjects.CustomerCreateContactPage.searchListName(CustomerCreateContactPage.java:898)
	at com.zaigo.reactui.CustomerCreateContactTestCases.listValidation(CustomerCreateContactTestCases.java:117)
	at java.base/jdk.internal.reflect.NativeMethodAccessorImpl.invoke0(Native Method)
	at java.base/jdk.internal.reflect.NativeMethodAccessorImpl.invoke(NativeMethodAccessorImpl.java:77)
	at java.base/jdk.internal.reflect.DelegatingMethodAccessorImpl.invoke(DelegatingMethodAccessorImpl.java:43)
	at java.base/java.lang.reflect.Method.invoke(Method.java:568)
	at org.testng.internal.MethodInvocationHelper.invokeMethod(MethodInvocationHelper.java:133)
	at org.testng.internal.TestInvoker.invokeMethod(TestInvoker.java:598)
	at org.testng.internal.TestInvoker.invokeTestMethod(TestInvoker.java:173)
	at org.testng.internal.MethodRunner.runInSequence(MethodRunner.java:46)
	at org.testng.internal.TestInvoker$MethodInvocationAgent.invoke(TestInvoker.java:824)
	at org.testng.internal.TestInvoker.invokeTestMethods(TestInvoker.java:146)
	at org.testng.internal.TestMethodWorker.invokeTestMethods(TestMethodWorker.java:146)
	at org.testng.internal.TestMethodWorker.run(TestMethodWorker.java:128)
	at java.base/java.util.ArrayList.forEach(ArrayList.java:1511)
	at org.testng.TestRunner.privateRun(TestRunner.java:794)
	at org.testng.TestRunner.run(TestRunner.java:596)
	at org.testng.SuiteRunner.runTest(SuiteRunner.java:377)
	at org.testng.SuiteRunner.runSequentially(SuiteRunner.java:371)
	at org.testng.SuiteRunner.privateRun(SuiteRunner.java:332)
	at org.testng.SuiteRunner.run(SuiteRunner.java:276)
	at org.testng.SuiteRunnerWorker.runSuite(SuiteRunnerWorker.java:53)
	at org.testng.SuiteRunnerWorker.run(SuiteRunnerWorker.java:96)
	at org.testng.TestNG.runSuitesSequentially(TestNG.java:1212)
	at org.testng.TestNG.runSuitesLocally(TestNG.java:1134)
	at org.testng.TestNG.runSuites(TestNG.java:1063)
	at org.testng.TestNG.run(TestNG.java:1031)
	at org.testng.remote.AbstractRemoteTestNG.run(AbstractRemoteTestNG.java:115)
	at org.testng.remote.RemoteTestNG.initAndRun(RemoteTestNG.java:251)
	at org.testng.remote.RemoteTestNG.main(RemoteTestNG.java:77)
</pre></div></td>
<td>14</td>
<td>com.zaigo.reactui.CustomerCreateContactTestCases@4f2b503c</td></tr>
</table><p>
<table width='100%' border='1' class='invocation-passed'>
<tr><td colspan='4' align='center'><b>PASSED TESTS</b></td></tr>
<tr><td><b>Test method</b></td>
<td width="30%"><b>Exception</b></td>
<td width="10%"><b>Time (seconds)</b></td>
<td><b>Instance</b></td>
</tr>
<tr>
<td title='com.zaigo.reactui.CustomerCreateContactTestCases.contactModule()'><b>contactModule</b><br>Test class: com.zaigo.reactui.CustomerCreateContactTestCases</td>
<td></td>
<td>22</td>
<td>com.zaigo.reactui.CustomerCreateContactTestCases@4f2b503c</td></tr>
<tr>
<td title='com.zaigo.reactui.CustomerCreateContactTestCases.minValidationPropertyPage()'><b>minValidationPropertyPage</b><br>Test class: com.zaigo.reactui.CustomerCreateContactTestCases</td>
<td></td>
<td>0</td>
<td>com.zaigo.reactui.CustomerCreateContactTestCases@4f2b503c</td></tr>
<tr>
<td title='com.zaigo.reactui.CustomerCreateContactTestCases.alreadyExistedMail()'><b>alreadyExistedMail</b><br>Test class: com.zaigo.reactui.CustomerCreateContactTestCases</td>
<td></td>
<td>2</td>
<td>com.zaigo.reactui.CustomerCreateContactTestCases@4f2b503c</td></tr>
<tr>
<td title='com.zaigo.reactui.CustomerCreateContactTestCases.minValidationContactPage()'><b>minValidationContactPage</b><br>Test class: com.zaigo.reactui.CustomerCreateContactTestCases</td>
<td></td>
<td>0</td>
<td>com.zaigo.reactui.CustomerCreateContactTestCases@4f2b503c</td></tr>
<tr>
<td title='com.zaigo.reactui.CustomerCreateContactTestCases.valdationOfAttachmentField()'><b>valdationOfAttachmentField</b><br>Test class: com.zaigo.reactui.CustomerCreateContactTestCases</td>
<td></td>
<td>59</td>
<td>com.zaigo.reactui.CustomerCreateContactTestCases@4f2b503c</td></tr>
<tr>
<td title='com.zaigo.reactui.CustomerCreateContactTestCases.manditoryField()'><b>manditoryField</b><br>Test class: com.zaigo.reactui.CustomerCreateContactTestCases</td>
<td></td>
<td>6</td>
<td>com.zaigo.reactui.CustomerCreateContactTestCases@4f2b503c</td></tr>
<tr>
<td title='com.zaigo.reactui.CustomerCreateContactTestCases.createContactWithoutOrganization()'><b>createContactWithoutOrganization</b><br>Test class: com.zaigo.reactui.CustomerCreateContactTestCases</td>
<td></td>
<td>10</td>
<td>com.zaigo.reactui.CustomerCreateContactTestCases@4f2b503c</td></tr>
<tr>
<td title='com.zaigo.reactui.CustomerCreateContactTestCases.maxValidationEquipmentPage()'><b>maxValidationEquipmentPage</b><br>Test class: com.zaigo.reactui.CustomerCreateContactTestCases</td>
<td></td>
<td>7</td>
<td>com.zaigo.reactui.CustomerCreateContactTestCases@4f2b503c</td></tr>
<tr>
<td title='com.zaigo.reactui.CustomerCreateContactTestCases.maxValidationContactPage()'><b>maxValidationContactPage</b><br>Test class: com.zaigo.reactui.CustomerCreateContactTestCases</td>
<td></td>
<td>6</td>
<td>com.zaigo.reactui.CustomerCreateContactTestCases@4f2b503c</td></tr>
<tr>
<td title='com.zaigo.reactui.CustomerCreateContactTestCases.maxValidationPropertyPage()'><b>maxValidationPropertyPage</b><br>Test class: com.zaigo.reactui.CustomerCreateContactTestCases</td>
<td></td>
<td>6</td>
<td>com.zaigo.reactui.CustomerCreateContactTestCases@4f2b503c</td></tr>
<tr>
<td title='com.zaigo.reactui.CustomerCreateContactTestCases.validationOrganization()'><b>validationOrganization</b><br>Test class: com.zaigo.reactui.CustomerCreateContactTestCases</td>
<td></td>
<td>9</td>
<td>com.zaigo.reactui.CustomerCreateContactTestCases@4f2b503c</td></tr>
<tr>
<td title='com.zaigo.reactui.CustomerCreateContactTestCases.loginPage()'><b>loginPage</b><br>Test class: com.zaigo.reactui.CustomerCreateContactTestCases</td>
<td></td>
<td>2</td>
<td>com.zaigo.reactui.CustomerCreateContactTestCases@4f2b503c</td></tr>
</table><p>
</body>
</html>