<?xml version="1.0" encoding="UTF-8"?>
<!-- Generated by org.testng.reporters.JUnitReportReporter -->
<testsuite hostname="DESKTOP-5M7AM2E" failures="0" tests="50" name="com.zaigo.reactui.CustomerCreateOrganizationTestCases" time="168.234" errors="2" timestamp="2022-09-21T17:48:42 IST" skipped="0">
  <testcase classname="com.zaigo.reactui.CustomerCreateOrganizationTestCases" name="loginPage" time="22.721"/>
  <system-out/>
  <testcase classname="com.zaigo.reactui.CustomerCreateOrganizationTestCases" name="modulePage" time="18.701"/>
  <system-out/>
  <testcase classname="com.zaigo.reactui.CustomerCreateOrganizationTestCases" name="formatLogoValidation" time="5.453"/>
  <system-out/>
  <testcase classname="com.zaigo.reactui.CustomerCreateOrganizationTestCases" name="maxSizeValidationLogoField" time="1.761"/>
  <system-out/>
  <testcase classname="com.zaigo.reactui.CustomerCreateOrganizationTestCases" name="mandatoryValidation" time="0.309"/>
  <system-out/>
  <testcase classname="com.zaigo.reactui.CustomerCreateOrganizationTestCases" name="organizationNameAlreadyExistValidation" time="1.373"/>
  <system-out/>
  <testcase classname="com.zaigo.reactui.CustomerCreateOrganizationTestCases" name="maxValidationOrganizationField" time="1.204"/>
  <system-out/>
  <testcase classname="com.zaigo.reactui.CustomerCreateOrganizationTestCases" name="maxValidationWebsiteField" time="1.166"/>
  <system-out/>
  <testcase classname="com.zaigo.reactui.CustomerCreateOrganizationTestCases" name="maxValidationAddress1Field" time="1.024"/>
  <system-out/>
  <testcase classname="com.zaigo.reactui.CustomerCreateOrganizationTestCases" name="maxValidationAddress2Field" time="1.082"/>
  <system-out/>
  <testcase classname="com.zaigo.reactui.CustomerCreateOrganizationTestCases" name="maxValidationCityField" time="1.031"/>
  <system-out/>
  <testcase classname="com.zaigo.reactui.CustomerCreateOrganizationTestCases" name="maxValidationStateField" time="1.077"/>
  <system-out/>
  <testcase classname="com.zaigo.reactui.CustomerCreateOrganizationTestCases" name="minValidationZipcodeField" time="0.216"/>
  <system-out/>
  <testcase classname="com.zaigo.reactui.CustomerCreateOrganizationTestCases" name="maxValidationZipcodeField" time="0.211"/>
  <system-out/>
  <testcase classname="com.zaigo.reactui.CustomerCreateOrganizationTestCases" name="emailValidation" time="0.256"/>
  <system-out/>
  <testcase classname="com.zaigo.reactui.CustomerCreateOrganizationTestCases" name="maxValidationEmailField" time="0.997"/>
  <system-out/>
  <testcase classname="com.zaigo.reactui.CustomerCreateOrganizationTestCases" name="minValidationPhoneNumberField" time="0.224"/>
  <system-out/>
  <testcase classname="com.zaigo.reactui.CustomerCreateOrganizationTestCases" name="maxValidationPhoneNumberField" time="0.200"/>
  <system-out/>
  <testcase classname="com.zaigo.reactui.CustomerCreateOrganizationTestCases" name="maxValidationContactFirstNameField" time="1.295"/>
  <system-out/>
  <testcase classname="com.zaigo.reactui.CustomerCreateOrganizationTestCases" name="maxValidationContactLastNameField" time="1.090"/>
  <system-out/>
  <testcase classname="com.zaigo.reactui.CustomerCreateOrganizationTestCases" name="maxValidationContactEmailField" time="1.030"/>
  <system-out/>
  <testcase classname="com.zaigo.reactui.CustomerCreateOrganizationTestCases" name="validateContactEmailField" time="0.168"/>
  <system-out/>
  <testcase classname="com.zaigo.reactui.CustomerCreateOrganizationTestCases" name="minValidationContactPhoneNumberField" time="0.225"/>
  <system-out/>
  <testcase classname="com.zaigo.reactui.CustomerCreateOrganizationTestCases" name="maxValidationContactPhoneNumberField" time="0.224"/>
  <system-out/>
  <testcase classname="com.zaigo.reactui.CustomerCreateOrganizationTestCases" name="maxValidationJobTittleField" time="1.239"/>
  <system-out/>
  <testcase classname="com.zaigo.reactui.CustomerCreateOrganizationTestCases" name="maxValidationPropertyNameField" time="1.893"/>
  <system-out/>
  <testcase classname="com.zaigo.reactui.CustomerCreateOrganizationTestCases" name="maxValidationPropertyContactPersonNameField" time="1.870"/>
  <system-out/>
  <testcase classname="com.zaigo.reactui.CustomerCreateOrganizationTestCases" name="maxValidationPropertyAddress1Field" time="1.075"/>
  <system-out/>
  <testcase classname="com.zaigo.reactui.CustomerCreateOrganizationTestCases" name="maxValidationPropertyAddress2Field" time="1.085"/>
  <system-out/>
  <testcase classname="com.zaigo.reactui.CustomerCreateOrganizationTestCases" name="maxValidationPropertyStateField" time="1.052"/>
  <system-out/>
  <testcase classname="com.zaigo.reactui.CustomerCreateOrganizationTestCases" name="maxValidationPropertyCityField" time="0.767"/>
  <system-out/>
  <testcase classname="com.zaigo.reactui.CustomerCreateOrganizationTestCases" name="minValidationPropertyZipCodeField" time="0.168"/>
  <system-out/>
  <testcase classname="com.zaigo.reactui.CustomerCreateOrganizationTestCases" name="maxValidationPropertyZipCodeField" time="0.329"/>
  <system-out/>
  <testcase classname="com.zaigo.reactui.CustomerCreateOrganizationTestCases" name="maxValidationProductNameField" time="0.748"/>
  <system-out/>
  <testcase classname="com.zaigo.reactui.CustomerCreateOrganizationTestCases" name="maxValidationBrandNameField" time="0.673"/>
  <system-out/>
  <testcase classname="com.zaigo.reactui.CustomerCreateOrganizationTestCases" name="maxValidationModelNumberField" time="0.690"/>
  <system-out/>
  <testcase classname="com.zaigo.reactui.CustomerCreateOrganizationTestCases" name="maxValidationSerialNumberField" time="0.659"/>
  <system-out/>
  <testcase classname="com.zaigo.reactui.CustomerCreateOrganizationTestCases" name="maxValidationAccessHoursField" time="0.688"/>
  <system-out/>
  <testcase classname="com.zaigo.reactui.CustomerCreateOrganizationTestCases" name="maxValidationInstallationNotesField" time="4.448"/>
  <system-out/>
  <testcase classname="com.zaigo.reactui.CustomerCreateOrganizationTestCases" name="maxSizeValidationAttachmentField" time="2.011"/>
  <system-out/>
  <testcase classname="com.zaigo.reactui.CustomerCreateOrganizationTestCases" name="fileFormatAttachmentField" time="1.773"/>
  <system-out/>
  <testcase classname="com.zaigo.reactui.CustomerCreateOrganizationTestCases" name="maxFileUploadSizeValidationField" time="21.460"/>
  <system-out/>
  <testcase classname="com.zaigo.reactui.CustomerCreateOrganizationTestCases" name="createOrganization" time="21.678"/>
  <system-out/>
  <testcase classname="com.zaigo.reactui.CustomerCreateOrganizationTestCases" name="createOrganizationListFirstName" time="0.073"/>
  <system-out/>
  <testcase classname="com.zaigo.reactui.CustomerCreateOrganizationTestCases" name="characterListValidation" time="0.289"/>
  <system-out/>
  <testcase classname="com.zaigo.reactui.CustomerCreateOrganizationTestCases" name="searchOrganizationNameListValidation" time="6.049"/>
  <system-out/>
  <testcase classname="com.zaigo.reactui.CustomerCreateOrganizationTestCases" name="searchPhoneNumberListValidation" time="6.046"/>
  <system-out/>
  <testcase classname="com.zaigo.reactui.CustomerCreateOrganizationTestCases" name="searchEmailListValidation" time="10.372">
    <error message="Expected condition failed: waiting for visibility of element located by By.xpath: (//td[@class=&#039;p-2 pt-1 pb-1&#039;])[5] (tried for 10 second(s) with 500 milliseconds interval)" type="org.openqa.selenium.TimeoutException">
      <![CDATA[org.openqa.selenium.TimeoutException: Expected condition failed: waiting for visibility of element located by By.xpath: (//td[@class='p-2 pt-1 pb-1'])[5] (tried for 10 second(s) with 500 milliseconds interval)
at org.openqa.selenium.support.ui.WebDriverWait.timeoutException(WebDriverWait.java:95)
at org.openqa.selenium.support.ui.FluentWait.until(FluentWait.java:272)
at com.zaigo.pageobjects.CustomerCreateOrganizationPage.assertName(CustomerCreateOrganizationPage.java:76)
at com.zaigo.pageobjects.CustomerCreateOrganizationPage.searchEmailValidation(CustomerCreateOrganizationPage.java:660)
at com.zaigo.reactui.CustomerCreateOrganizationTestCases.searchEmailListValidation(CustomerCreateOrganizationTestCases.java:378)
at java.base/jdk.internal.reflect.NativeMethodAccessorImpl.invoke0(Native Method)
at java.base/jdk.internal.reflect.NativeMethodAccessorImpl.invoke(NativeMethodAccessorImpl.java:77)
at java.base/jdk.internal.reflect.DelegatingMethodAccessorImpl.invoke(DelegatingMethodAccessorImpl.java:43)
at java.base/java.lang.reflect.Method.invoke(Method.java:568)
at org.testng.internal.MethodInvocationHelper.invokeMethod(MethodInvocationHelper.java:133)
at org.testng.internal.TestInvoker.invokeMethod(TestInvoker.java:598)
at org.testng.internal.TestInvoker.invokeTestMethod(TestInvoker.java:173)
at org.testng.internal.MethodRunner.runInSequence(MethodRunner.java:46)
at org.testng.internal.TestInvoker$MethodInvocationAgent.invoke(TestInvoker.java:824)
at org.testng.internal.TestInvoker.invokeTestMethods(TestInvoker.java:146)
at org.testng.internal.TestMethodWorker.invokeTestMethods(TestMethodWorker.java:146)
at org.testng.internal.TestMethodWorker.run(TestMethodWorker.java:128)
at java.base/java.util.ArrayList.forEach(ArrayList.java:1511)
at org.testng.TestRunner.privateRun(TestRunner.java:794)
at org.testng.TestRunner.run(TestRunner.java:596)
at org.testng.SuiteRunner.runTest(SuiteRunner.java:377)
at org.testng.SuiteRunner.runSequentially(SuiteRunner.java:371)
at org.testng.SuiteRunner.privateRun(SuiteRunner.java:332)
at org.testng.SuiteRunner.run(SuiteRunner.java:276)
at org.testng.SuiteRunnerWorker.runSuite(SuiteRunnerWorker.java:53)
at org.testng.SuiteRunnerWorker.run(SuiteRunnerWorker.java:96)
at org.testng.TestNG.runSuitesSequentially(TestNG.java:1212)
at org.testng.TestNG.runSuitesLocally(TestNG.java:1134)
at org.testng.TestNG.runSuites(TestNG.java:1063)
at org.testng.TestNG.run(TestNG.java:1031)
at org.testng.remote.AbstractRemoteTestNG.run(AbstractRemoteTestNG.java:115)
at org.testng.remote.RemoteTestNG.initAndRun(RemoteTestNG.java:251)
at org.testng.remote.RemoteTestNG.main(RemoteTestNG.java:77)
Caused by: org.openqa.selenium.NoSuchElementException: no such element: Unable to locate element: {"method":"xpath","selector":"(//td[@class='p-2 pt-1 pb-1'])[5]"}
  (Session info: chrome=105.0.5195.127)
For documentation on this error, please visit: https://www.seleniumhq.org/exceptions/no_such_element.html
Build info: version: '3.141.59', revision: 'e82be7d358', time: '2018-11-14T08:17:03'
System info: host: 'DESKTOP-5M7AM2E', ip: '192.168.1.29', os.name: 'Windows 11', os.arch: 'amd64', os.version: '10.0', java.version: '17.0.3'
Driver info: org.openqa.selenium.chrome.ChromeDriver
Capabilities {acceptInsecureCerts: false, browserName: chrome, browserVersion: 105.0.5195.127, chrome: {chromedriverVersion: 105.0.5195.52 (412c95e51883..., userDataDir: C:\Users\ZAIGOP~1\AppData\L...}, goog:chromeOptions: {debuggerAddress: localhost:50112}, javascriptEnabled: true, networkConnectionEnabled: false, pageLoadStrategy: normal, platform: WINDOWS, platformName: WINDOWS, proxy: Proxy(), setWindowRect: true, strictFileInteractability: false, timeouts: {implicit: 0, pageLoad: 300000, script: 30000}, unhandledPromptBehavior: dismiss and notify, webauthn:extension:credBlob: true, webauthn:extension:largeBlob: true, webauthn:virtualAuthenticators: true}
Session ID: 236eab4473f0423df13b30047ef80dc6
*** Element info: {Using=xpath, value=(//td[@class='p-2 pt-1 pb-1'])[5]}
at jdk.internal.reflect.GeneratedConstructorAccessor12.newInstance(Unknown Source)
at java.base/jdk.internal.reflect.DelegatingConstructorAccessorImpl.newInstance(DelegatingConstructorAccessorImpl.java:45)
at java.base/java.lang.reflect.Constructor.newInstanceWithCaller(Constructor.java:499)
at java.base/java.lang.reflect.Constructor.newInstance(Constructor.java:480)
at org.openqa.selenium.remote.http.W3CHttpResponseCodec.createException(W3CHttpResponseCodec.java:187)
at org.openqa.selenium.remote.http.W3CHttpResponseCodec.decode(W3CHttpResponseCodec.java:122)
at org.openqa.selenium.remote.http.W3CHttpResponseCodec.decode(W3CHttpResponseCodec.java:49)
at org.openqa.selenium.remote.HttpCommandExecutor.execute(HttpCommandExecutor.java:158)
at org.openqa.selenium.remote.service.DriverCommandExecutor.execute(DriverCommandExecutor.java:83)
at org.openqa.selenium.remote.RemoteWebDriver.execute(RemoteWebDriver.java:552)
at org.openqa.selenium.remote.RemoteWebDriver.findElement(RemoteWebDriver.java:323)
at org.openqa.selenium.remote.RemoteWebDriver.findElementByXPath(RemoteWebDriver.java:428)
at org.openqa.selenium.By$ByXPath.findElement(By.java:353)
at org.openqa.selenium.remote.RemoteWebDriver.findElement(RemoteWebDriver.java:315)
at org.openqa.selenium.support.ui.ExpectedConditions$7.apply(ExpectedConditions.java:205)
at org.openqa.selenium.support.ui.ExpectedConditions$7.apply(ExpectedConditions.java:201)
at org.openqa.selenium.support.ui.FluentWait.until(FluentWait.java:249)
... 31 more
]]>
    </error>
  </testcase> <!-- searchEmailListValidation -->
  <system-out/>
  <testcase classname="com.zaigo.reactui.CustomerCreateOrganizationTestCases" name="filterListValidation" time="11.611">
    <error message="Expected condition failed: waiting for visibility of element located by By.xpath: (//*[@data-n-linkto=&#039;customer_organization_timeline&#039;])[3] (tried for 10 second(s) with 500 milliseconds interval)" type="org.openqa.selenium.TimeoutException">
      <![CDATA[org.openqa.selenium.TimeoutException: Expected condition failed: waiting for visibility of element located by By.xpath: (//*[@data-n-linkto='customer_organization_timeline'])[3] (tried for 10 second(s) with 500 milliseconds interval)
at org.openqa.selenium.support.ui.WebDriverWait.timeoutException(WebDriverWait.java:95)
at org.openqa.selenium.support.ui.FluentWait.until(FluentWait.java:272)
at com.zaigo.pageobjects.CustomerCreateOrganizationPage.getText(CustomerCreateOrganizationPage.java:94)
at com.zaigo.pageobjects.CustomerCreateOrganizationPage.filterValidation(CustomerCreateOrganizationPage.java:685)
at com.zaigo.reactui.CustomerCreateOrganizationTestCases.filterListValidation(CustomerCreateOrganizationTestCases.java:385)
at java.base/jdk.internal.reflect.NativeMethodAccessorImpl.invoke0(Native Method)
at java.base/jdk.internal.reflect.NativeMethodAccessorImpl.invoke(NativeMethodAccessorImpl.java:77)
at java.base/jdk.internal.reflect.DelegatingMethodAccessorImpl.invoke(DelegatingMethodAccessorImpl.java:43)
at java.base/java.lang.reflect.Method.invoke(Method.java:568)
at org.testng.internal.MethodInvocationHelper.invokeMethod(MethodInvocationHelper.java:133)
at org.testng.internal.TestInvoker.invokeMethod(TestInvoker.java:598)
at org.testng.internal.TestInvoker.invokeTestMethod(TestInvoker.java:173)
at org.testng.internal.MethodRunner.runInSequence(MethodRunner.java:46)
at org.testng.internal.TestInvoker$MethodInvocationAgent.invoke(TestInvoker.java:824)
at org.testng.internal.TestInvoker.invokeTestMethods(TestInvoker.java:146)
at org.testng.internal.TestMethodWorker.invokeTestMethods(TestMethodWorker.java:146)
at org.testng.internal.TestMethodWorker.run(TestMethodWorker.java:128)
at java.base/java.util.ArrayList.forEach(ArrayList.java:1511)
at org.testng.TestRunner.privateRun(TestRunner.java:794)
at org.testng.TestRunner.run(TestRunner.java:596)
at org.testng.SuiteRunner.runTest(SuiteRunner.java:377)
at org.testng.SuiteRunner.runSequentially(SuiteRunner.java:371)
at org.testng.SuiteRunner.privateRun(SuiteRunner.java:332)
at org.testng.SuiteRunner.run(SuiteRunner.java:276)
at org.testng.SuiteRunnerWorker.runSuite(SuiteRunnerWorker.java:53)
at org.testng.SuiteRunnerWorker.run(SuiteRunnerWorker.java:96)
at org.testng.TestNG.runSuitesSequentially(TestNG.java:1212)
at org.testng.TestNG.runSuitesLocally(TestNG.java:1134)
at org.testng.TestNG.runSuites(TestNG.java:1063)
at org.testng.TestNG.run(TestNG.java:1031)
at org.testng.remote.AbstractRemoteTestNG.run(AbstractRemoteTestNG.java:115)
at org.testng.remote.RemoteTestNG.initAndRun(RemoteTestNG.java:251)
at org.testng.remote.RemoteTestNG.main(RemoteTestNG.java:77)
Caused by: org.openqa.selenium.NoSuchElementException: no such element: Unable to locate element: {"method":"xpath","selector":"(//*[@data-n-linkto='customer_organization_timeline'])[3]"}
  (Session info: chrome=105.0.5195.127)
For documentation on this error, please visit: https://www.seleniumhq.org/exceptions/no_such_element.html
Build info: version: '3.141.59', revision: 'e82be7d358', time: '2018-11-14T08:17:03'
System info: host: 'DESKTOP-5M7AM2E', ip: '192.168.1.29', os.name: 'Windows 11', os.arch: 'amd64', os.version: '10.0', java.version: '17.0.3'
Driver info: org.openqa.selenium.chrome.ChromeDriver
Capabilities {acceptInsecureCerts: false, browserName: chrome, browserVersion: 105.0.5195.127, chrome: {chromedriverVersion: 105.0.5195.52 (412c95e51883..., userDataDir: C:\Users\ZAIGOP~1\AppData\L...}, goog:chromeOptions: {debuggerAddress: localhost:50112}, javascriptEnabled: true, networkConnectionEnabled: false, pageLoadStrategy: normal, platform: WINDOWS, platformName: WINDOWS, proxy: Proxy(), setWindowRect: true, strictFileInteractability: false, timeouts: {implicit: 0, pageLoad: 300000, script: 30000}, unhandledPromptBehavior: dismiss and notify, webauthn:extension:credBlob: true, webauthn:extension:largeBlob: true, webauthn:virtualAuthenticators: true}
Session ID: 236eab4473f0423df13b30047ef80dc6
*** Element info: {Using=xpath, value=(//*[@data-n-linkto='customer_organization_timeline'])[3]}
at jdk.internal.reflect.GeneratedConstructorAccessor12.newInstance(Unknown Source)
at java.base/jdk.internal.reflect.DelegatingConstructorAccessorImpl.newInstance(DelegatingConstructorAccessorImpl.java:45)
at java.base/java.lang.reflect.Constructor.newInstanceWithCaller(Constructor.java:499)
at java.base/java.lang.reflect.Constructor.newInstance(Constructor.java:480)
at org.openqa.selenium.remote.http.W3CHttpResponseCodec.createException(W3CHttpResponseCodec.java:187)
at org.openqa.selenium.remote.http.W3CHttpResponseCodec.decode(W3CHttpResponseCodec.java:122)
at org.openqa.selenium.remote.http.W3CHttpResponseCodec.decode(W3CHttpResponseCodec.java:49)
at org.openqa.selenium.remote.HttpCommandExecutor.execute(HttpCommandExecutor.java:158)
at org.openqa.selenium.remote.service.DriverCommandExecutor.execute(DriverCommandExecutor.java:83)
at org.openqa.selenium.remote.RemoteWebDriver.execute(RemoteWebDriver.java:552)
at org.openqa.selenium.remote.RemoteWebDriver.findElement(RemoteWebDriver.java:323)
at org.openqa.selenium.remote.RemoteWebDriver.findElementByXPath(RemoteWebDriver.java:428)
at org.openqa.selenium.By$ByXPath.findElement(By.java:353)
at org.openqa.selenium.remote.RemoteWebDriver.findElement(RemoteWebDriver.java:315)
at org.openqa.selenium.support.ui.ExpectedConditions$7.apply(ExpectedConditions.java:205)
at org.openqa.selenium.support.ui.ExpectedConditions$7.apply(ExpectedConditions.java:201)
at org.openqa.selenium.support.ui.FluentWait.until(FluentWait.java:249)
... 31 more
]]>
    </error>
  </testcase> <!-- filterListValidation -->
  <system-out/>
  <testcase classname="com.zaigo.reactui.CustomerCreateOrganizationTestCases" name="searchInvalid" time="6.450"/>
  <system-out/>
</testsuite> <!-- com.zaigo.reactui.CustomerCreateOrganizationTestCases -->
