<?xml version="1.0" encoding="UTF-8"?>
<!-- Generated by org.testng.reporters.JUnitReportReporter -->
<testsuite hostname="DESKTOP-5M7AM2E" failures="0" tests="13" name="com.zaigo.reactui.CustomerCreateContactTestCases" time="149.693" errors="1" timestamp="2022-09-09T13:26:04 IST" skipped="0">
  <testcase classname="com.zaigo.reactui.CustomerCreateContactTestCases" name="loginPage" time="2.581"/>
  <system-out/>
  <testcase classname="com.zaigo.reactui.CustomerCreateContactTestCases" name="contactModule" time="22.943"/>
  <system-out/>
  <testcase classname="com.zaigo.reactui.CustomerCreateContactTestCases" name="manditoryField" time="6.624"/>
  <system-out/>
  <testcase classname="com.zaigo.reactui.CustomerCreateContactTestCases" name="minValidationContactPage" time="0.784"/>
  <system-out/>
  <testcase classname="com.zaigo.reactui.CustomerCreateContactTestCases" name="maxValidationContactPage" time="6.571"/>
  <system-out/>
  <testcase classname="com.zaigo.reactui.CustomerCreateContactTestCases" name="minValidationPropertyPage" time="0.666"/>
  <system-out/>
  <testcase classname="com.zaigo.reactui.CustomerCreateContactTestCases" name="maxValidationPropertyPage" time="6.660"/>
  <system-out/>
  <testcase classname="com.zaigo.reactui.CustomerCreateContactTestCases" name="maxValidationEquipmentPage" time="7.834"/>
  <system-out/>
  <testcase classname="com.zaigo.reactui.CustomerCreateContactTestCases" name="valdationOfAttachmentField" time="59.163"/>
  <system-out/>
  <testcase classname="com.zaigo.reactui.CustomerCreateContactTestCases" name="createContactWithoutOrganization" time="10.026"/>
  <system-out/>
  <testcase classname="com.zaigo.reactui.CustomerCreateContactTestCases" name="alreadyExistedMail" time="2.494"/>
  <system-out/>
  <testcase classname="com.zaigo.reactui.CustomerCreateContactTestCases" name="listValidation" time="14.183">
    <error message="Expected condition failed: waiting for visibility of element located by By.xpath: //*[@class=&#039;border-bottom&#039;]//a[text()=&#039;Manoj Kumar&#039;] (tried for 10 second(s) with 500 milliseconds interval)
Build info: version: &#039;3.141.59&#039;, revision: &#039;e82be7d358&#039;, time: &#039;2018-11-14T08:17:03&#039;
System info: host: &#039;DESKTOP-5M7AM2E&#039;, ip: &#039;192.168.10.130&#039;, os.name: &#039;Windows 11&#039;, os.arch: &#039;amd64&#039;, os.version: &#039;10.0&#039;, java.version: &#039;17.0.3&#039;
Driver info: org.openqa.selenium.chrome.ChromeDriver
Capabilities {acceptInsecureCerts: false, browserName: chrome, browserVersion: 104.0.5112.102, chrome: {chromedriverVersion: 104.0.5112.79 (3cf3e8c8a07d..., userDataDir: C:\Users\ZAIGOP~1\AppData\L...}, goog:chromeOptions: {debuggerAddress: localhost:51385}, javascriptEnabled: true, networkConnectionEnabled: false, pageLoadStrategy: normal, platform: WINDOWS, platformName: WINDOWS, proxy: Proxy(), setWindowRect: true, strictFileInteractability: false, timeouts: {implicit: 0, pageLoad: 300000, script: 30000}, unhandledPromptBehavior: dismiss and notify, webauthn:extension:credBlob: true, webauthn:extension:largeBlob: true, webauthn:virtualAuthenticators: true}
Session ID: 33bd727851a1d7b89bf344c2af0e9e6c" type="org.openqa.selenium.TimeoutException">
      <![CDATA[org.openqa.selenium.TimeoutException: Expected condition failed: waiting for visibility of element located by By.xpath: //*[@class='border-bottom']//a[text()='Manoj Kumar'] (tried for 10 second(s) with 500 milliseconds interval)
Build info: version: '3.141.59', revision: 'e82be7d358', time: '2018-11-14T08:17:03'
System info: host: 'DESKTOP-5M7AM2E', ip: '192.168.10.130', os.name: 'Windows 11', os.arch: 'amd64', os.version: '10.0', java.version: '17.0.3'
Driver info: org.openqa.selenium.chrome.ChromeDriver
Capabilities {acceptInsecureCerts: false, browserName: chrome, browserVersion: 104.0.5112.102, chrome: {chromedriverVersion: 104.0.5112.79 (3cf3e8c8a07d..., userDataDir: C:\Users\ZAIGOP~1\AppData\L...}, goog:chromeOptions: {debuggerAddress: localhost:51385}, javascriptEnabled: true, networkConnectionEnabled: false, pageLoadStrategy: normal, platform: WINDOWS, platformName: WINDOWS, proxy: Proxy(), setWindowRect: true, strictFileInteractability: false, timeouts: {implicit: 0, pageLoad: 300000, script: 30000}, unhandledPromptBehavior: dismiss and notify, webauthn:extension:credBlob: true, webauthn:extension:largeBlob: true, webauthn:virtualAuthenticators: true}
Session ID: 33bd727851a1d7b89bf344c2af0e9e6c
at org.openqa.selenium.support.ui.WebDriverWait.timeoutException(WebDriverWait.java:95)
at org.openqa.selenium.support.ui.FluentWait.until(FluentWait.java:272)
at com.zaigo.pageobjects.CustomerCreateContactPage.assertName(CustomerCreateContactPage.java:387)
at com.zaigo.pageobjects.CustomerCreateContactPage.searchListName(CustomerCreateContactPage.java:898)
at com.zaigo.reactui.CustomerCreateContactTestCases.listValidation(CustomerCreateContactTestCases.java:117)
at java.base/jdk.internal.reflect.NativeMethodAccessorImpl.invoke0(Native Method)
at java.base/jdk.internal.reflect.NativeMethodAccessorImpl.invoke(NativeMethodAccessorImpl.java:77)
at java.base/jdk.internal.reflect.DelegatingMethodAccessorImpl.invoke(DelegatingMethodAccessorImpl.java:43)
at java.base/java.lang.reflect.Method.invoke(Method.java:568)
at org.testng.internal.MethodInvocationHelper.invokeMethod(MethodInvocationHelper.java:133)
at org.testng.internal.TestInvoker.invokeMethod(TestInvoker.java:598)
at org.testng.internal.TestInvoker.invokeTestMethod(TestInvoker.java:173)
at org.testng.internal.MethodRunner.runInSequence(MethodRunner.java:46)
at org.testng.internal.TestInvoker$MethodInvocationAgent.invoke(TestInvoker.java:824)
at org.testng.internal.TestInvoker.invokeTestMethods(TestInvoker.java:146)
at org.testng.internal.TestMethodWorker.invokeTestMethods(TestMethodWorker.java:146)
at org.testng.internal.TestMethodWorker.run(TestMethodWorker.java:128)
at java.base/java.util.ArrayList.forEach(ArrayList.java:1511)
at org.testng.TestRunner.privateRun(TestRunner.java:794)
at org.testng.TestRunner.run(TestRunner.java:596)
at org.testng.SuiteRunner.runTest(SuiteRunner.java:377)
at org.testng.SuiteRunner.runSequentially(SuiteRunner.java:371)
at org.testng.SuiteRunner.privateRun(SuiteRunner.java:332)
at org.testng.SuiteRunner.run(SuiteRunner.java:276)
at org.testng.SuiteRunnerWorker.runSuite(SuiteRunnerWorker.java:53)
at org.testng.SuiteRunnerWorker.run(SuiteRunnerWorker.java:96)
at org.testng.TestNG.runSuitesSequentially(TestNG.java:1212)
at org.testng.TestNG.runSuitesLocally(TestNG.java:1134)
at org.testng.TestNG.runSuites(TestNG.java:1063)
at org.testng.TestNG.run(TestNG.java:1031)
at org.testng.remote.AbstractRemoteTestNG.run(AbstractRemoteTestNG.java:115)
at org.testng.remote.RemoteTestNG.initAndRun(RemoteTestNG.java:251)
at org.testng.remote.RemoteTestNG.main(RemoteTestNG.java:77)
]]>
    </error>
  </testcase> <!-- listValidation -->
  <system-out/>
  <testcase classname="com.zaigo.reactui.CustomerCreateContactTestCases" name="validationOrganization" time="9.164"/>
  <system-out/>
</testsuite> <!-- com.zaigo.reactui.CustomerCreateContactTestCases -->
